<?xml version="1.0" encoding="UTF-8"?>
<!-- Generated by org.testng.reporters.JUnitReportReporter -->
<testsuite hostname="Amals_HP_Envy" failures="0" tests="4" name="storeautomation.api.test.UserTest" time="3.415" errors="0" timestamp="2025-03-21T08:40:00 EDT" skipped="0">
  <testcase classname="storeautomation.api.test.UserTest" name="testPostUser" time="2.856"/>
  <testcase classname="storeautomation.api.test.UserTest" name="testGetUserByName" time="0.156"/>
  <testcase classname="storeautomation.api.test.UserTest" name="testUpdateUser" time="0.270"/>
  <testcase classname="storeautomation.api.test.UserTest" name="testDeleteUser" time="0.133"/>
</testsuite> <!-- storeautomation.api.test.UserTest -->
