<?xml version="1.0" encoding="UTF-8"?>
<!-- Generated by org.testng.reporters.JUnitReportReporter -->
<testsuite hostname="Amals_HP_Envy" failures="0" tests="4" name="storeautomation.api.test.UserTest_propfile" time="1.914" errors="0" timestamp="2025-03-21T11:21:42 EDT" skipped="0">
  <testcase classname="storeautomation.api.test.UserTest_propfile" name="testPostUser" time="1.487"/>
  <testcase classname="storeautomation.api.test.UserTest_propfile" name="testGetUserByName" time="0.137"/>
  <testcase classname="storeautomation.api.test.UserTest_propfile" name="testUpdateUser" time="0.203"/>
  <testcase classname="storeautomation.api.test.UserTest_propfile" name="testDeleteUser" time="0.087"/>
</testsuite> <!-- storeautomation.api.test.UserTest_propfile -->
